<?xml version="1.0" encoding="UTF-8"?>
<!-- Generated by org.testng.reporters.JUnitReportReporter -->
<testsuite hostname="Vietnam-4735" failures="0" tests="1" name="testpackage.Demo" time="8.418" errors="0" timestamp="2024-01-31T17:43:20 ICT" skipped="0">
  <testcase classname="testpackage.Demo" name="demo" time="8.418"/>
</testsuite> <!-- testpackage.Demo -->
